[32m2025-02-02 09:53:46 -0300[0m - dagster - [34mDEBUG[0m - __ASSET_JOB - 800a2758-3538-476d-97ef-342e0ff48cf4 - 50679 - LOGS_CAPTURED - Started capturing logs in process (pid: 50679).
[32m2025-02-02 09:53:46 -0300[0m - dagster - [34mDEBUG[0m - __ASSET_JOB - 800a2758-3538-476d-97ef-342e0ff48cf4 - 50679 - model_trained - STEP_START - Started execution of step "model_trained".
[32m2025-02-02 09:53:46 -0300[0m - dagster - [34mDEBUG[0m - __ASSET_JOB - 800a2758-3538-476d-97ef-342e0ff48cf4 - model_trained - Loading file from: /Users/andresjaromezuk/Desktop/MLOPS/dagster/recommender_system/dagster_home/storage/X_train using PickledObjectFilesystemIOManager...
[32m2025-02-02 09:53:46 -0300[0m - dagster - [34mDEBUG[0m - __ASSET_JOB - 800a2758-3538-476d-97ef-342e0ff48cf4 - 50679 - model_trained - LOADED_INPUT - Loaded input "X_train" using input manager "io_manager", from output "X_train" of step "split_data"
[32m2025-02-02 09:53:46 -0300[0m - dagster - [34mDEBUG[0m - __ASSET_JOB - 800a2758-3538-476d-97ef-342e0ff48cf4 - model_trained - Loading file from: /Users/andresjaromezuk/Desktop/MLOPS/dagster/recommender_system/dagster_home/storage/movie2Idx using PickledObjectFilesystemIOManager...
[32m2025-02-02 09:53:46 -0300[0m - dagster - [34mDEBUG[0m - __ASSET_JOB - 800a2758-3538-476d-97ef-342e0ff48cf4 - 50679 - model_trained - LOADED_INPUT - Loaded input "movie2Idx" using input manager "io_manager", from output "movie2Idx" of step "preprocessed_data"
[32m2025-02-02 09:53:46 -0300[0m - dagster - [34mDEBUG[0m - __ASSET_JOB - 800a2758-3538-476d-97ef-342e0ff48cf4 - model_trained - Loading file from: /Users/andresjaromezuk/Desktop/MLOPS/dagster/recommender_system/dagster_home/storage/user2Idx using PickledObjectFilesystemIOManager...
[32m2025-02-02 09:53:46 -0300[0m - dagster - [34mDEBUG[0m - __ASSET_JOB - 800a2758-3538-476d-97ef-342e0ff48cf4 - 50679 - model_trained - LOADED_INPUT - Loaded input "user2Idx" using input manager "io_manager", from output "user2Idx" of step "preprocessed_data"
[32m2025-02-02 09:53:46 -0300[0m - dagster - [34mDEBUG[0m - __ASSET_JOB - 800a2758-3538-476d-97ef-342e0ff48cf4 - model_trained - Loading file from: /Users/andresjaromezuk/Desktop/MLOPS/dagster/recommender_system/dagster_home/storage/y_train using PickledObjectFilesystemIOManager...
[32m2025-02-02 09:53:46 -0300[0m - dagster - [34mDEBUG[0m - __ASSET_JOB - 800a2758-3538-476d-97ef-342e0ff48cf4 - 50679 - model_trained - LOADED_INPUT - Loaded input "y_train" using input manager "io_manager", from output "y_train" of step "split_data"
[32m2025-02-02 09:53:46 -0300[0m - dagster - [34mDEBUG[0m - __ASSET_JOB - 800a2758-3538-476d-97ef-342e0ff48cf4 - 50679 - model_trained - STEP_INPUT - Got input "X_train" of type "Any". (Type check passed).
[32m2025-02-02 09:53:46 -0300[0m - dagster - [34mDEBUG[0m - __ASSET_JOB - 800a2758-3538-476d-97ef-342e0ff48cf4 - 50679 - model_trained - STEP_INPUT - Got input "movie2Idx" of type "Any". (Type check passed).
[32m2025-02-02 09:53:46 -0300[0m - dagster - [34mDEBUG[0m - __ASSET_JOB - 800a2758-3538-476d-97ef-342e0ff48cf4 - 50679 - model_trained - STEP_INPUT - Got input "user2Idx" of type "Any". (Type check passed).
[32m2025-02-02 09:53:46 -0300[0m - dagster - [34mDEBUG[0m - __ASSET_JOB - 800a2758-3538-476d-97ef-342e0ff48cf4 - 50679 - model_trained - STEP_INPUT - Got input "y_train" of type "Any". (Type check passed).
[32m2025-02-02 09:53:46 -0300[0m - dagster - [34mINFO[0m - __ASSET_JOB - 800a2758-3538-476d-97ef-342e0ff48cf4 - model_trained - batch_size: 128 - epochs: 10
2025/02/02 09:53:46 WARNING mlflow.tensorflow: Unrecognized dataset type <class 'list'>. Dataset logging skipped.
2025/02/02 09:53:47 WARNING mlflow.utils.checkpoint_utils: Checkpoint logging is skipped, because checkpoint 'save_best_only' config is True, it requires to compare the monitored metric value, but the provided monitored metric value is not available.
2025/02/02 09:53:47 WARNING mlflow.utils.checkpoint_utils: Checkpoint logging is skipped, because checkpoint 'save_best_only' config is True, it requires to compare the monitored metric value, but the provided monitored metric value is not available.
2025/02/02 09:53:48 WARNING mlflow.utils.checkpoint_utils: Checkpoint logging is skipped, because checkpoint 'save_best_only' config is True, it requires to compare the monitored metric value, but the provided monitored metric value is not available.
2025/02/02 09:53:48 WARNING mlflow.utils.checkpoint_utils: Checkpoint logging is skipped, because checkpoint 'save_best_only' config is True, it requires to compare the monitored metric value, but the provided monitored metric value is not available.
2025/02/02 09:53:48 WARNING mlflow.utils.checkpoint_utils: Checkpoint logging is skipped, because checkpoint 'save_best_only' config is True, it requires to compare the monitored metric value, but the provided monitored metric value is not available.
2025/02/02 09:53:48 WARNING mlflow.utils.checkpoint_utils: Checkpoint logging is skipped, because checkpoint 'save_best_only' config is True, it requires to compare the monitored metric value, but the provided monitored metric value is not available.
2025/02/02 09:53:48 WARNING mlflow.utils.checkpoint_utils: Checkpoint logging is skipped, because checkpoint 'save_best_only' config is True, it requires to compare the monitored metric value, but the provided monitored metric value is not available.
2025/02/02 09:53:48 WARNING mlflow.utils.checkpoint_utils: Checkpoint logging is skipped, because checkpoint 'save_best_only' config is True, it requires to compare the monitored metric value, but the provided monitored metric value is not available.
2025/02/02 09:53:49 WARNING mlflow.utils.checkpoint_utils: Checkpoint logging is skipped, because checkpoint 'save_best_only' config is True, it requires to compare the monitored metric value, but the provided monitored metric value is not available.
2025/02/02 09:53:49 WARNING mlflow.utils.checkpoint_utils: Checkpoint logging is skipped, because checkpoint 'save_best_only' config is True, it requires to compare the monitored metric value, but the provided monitored metric value is not available.
2025/02/02 09:53:49 WARNING mlflow.tensorflow: Failed to infer model signature: could not sample data to infer model signature: Cannot log input example or model signature for input with type <class 'list'>. TensorFlow Keras autologging can only log input examples and model signatures for the following input types: numpy.ndarray, dict[string -> numpy.ndarray], tensorflow.keras.utils.Sequence, and tensorflow.data.Dataset (TensorFlow >= 2.1.0 required)
2025/02/02 09:53:49 WARNING mlflow.tensorflow: You are saving a TensorFlow Core model or Keras model without a signature. Inference with mlflow.pyfunc.spark_udf() will not work unless the model's pyfunc representation accepts pandas DataFrames as inference inputs.
[31m2025/02/02 09:53:54 WARNING mlflow.models.model: Model logged without a signature and input example. Please set `input_example` parameter when logging the model to auto infer the model signature.[0m
[32m2025-02-02 09:53:55 -0300[0m - dagster - [34mDEBUG[0m - __ASSET_JOB - 800a2758-3538-476d-97ef-342e0ff48cf4 - 50679 - model_trained - STEP_OUTPUT - Yielded output "result" of type "Any". (Type check passed).
[32m2025-02-02 09:53:56 -0300[0m - dagster - [34mDEBUG[0m - __ASSET_JOB - 800a2758-3538-476d-97ef-342e0ff48cf4 - model_trained - Writing file at: /Users/andresjaromezuk/Desktop/MLOPS/dagster/recommender_system/dagster_home/storage/model_trained using PickledObjectFilesystemIOManager...
[32m2025-02-02 09:53:56 -0300[0m - dagster - [34mDEBUG[0m - __ASSET_JOB - 800a2758-3538-476d-97ef-342e0ff48cf4 - 50679 - model_trained - ASSET_MATERIALIZATION - Materialized value model_trained.
[32m2025-02-02 09:53:56 -0300[0m - dagster - [34mDEBUG[0m - __ASSET_JOB - 800a2758-3538-476d-97ef-342e0ff48cf4 - 50679 - model_trained - HANDLED_OUTPUT - Handled output "result" using IO manager "io_manager"
[32m2025-02-02 09:53:56 -0300[0m - dagster - [34mDEBUG[0m - __ASSET_JOB - 800a2758-3538-476d-97ef-342e0ff48cf4 - 50679 - model_trained - STEP_SUCCESS - Finished execution of step "model_trained" in 9.79s.
