[32m2025-02-02 09:53:36 -0300[0m - dagster - [34mDEBUG[0m - __ASSET_JOB - 800a2758-3538-476d-97ef-342e0ff48cf4 - 50566 - LOGS_CAPTURED - Started capturing logs in process (pid: 50566).
[32m2025-02-02 09:53:36 -0300[0m - dagster - [34mDEBUG[0m - __ASSET_JOB - 800a2758-3538-476d-97ef-342e0ff48cf4 - 50566 - split_data - STEP_START - Started execution of step "split_data".
[32m2025-02-02 09:53:36 -0300[0m - dagster - [34mDEBUG[0m - __ASSET_JOB - 800a2758-3538-476d-97ef-342e0ff48cf4 - split_data - Loading file from: /Users/andresjaromezuk/Desktop/MLOPS/dagster/recommender_system/dagster_home/storage/preprocessed_training_data using PickledObjectFilesystemIOManager...
[32m2025-02-02 09:53:36 -0300[0m - dagster - [34mDEBUG[0m - __ASSET_JOB - 800a2758-3538-476d-97ef-342e0ff48cf4 - 50566 - split_data - LOADED_INPUT - Loaded input "preprocessed_training_data" using input manager "io_manager", from output "preprocessed_training_data" of step "preprocessed_data"
[32m2025-02-02 09:53:36 -0300[0m - dagster - [34mDEBUG[0m - __ASSET_JOB - 800a2758-3538-476d-97ef-342e0ff48cf4 - 50566 - split_data - STEP_INPUT - Got input "preprocessed_training_data" of type "Any". (Type check passed).
[32m2025-02-02 09:53:36 -0300[0m - dagster - [34mDEBUG[0m - __ASSET_JOB - 800a2758-3538-476d-97ef-342e0ff48cf4 - 50566 - split_data - STEP_OUTPUT - Yielded output "X_train" of type "Any". (Type check passed).
[32m2025-02-02 09:53:36 -0300[0m - dagster - [34mDEBUG[0m - __ASSET_JOB - 800a2758-3538-476d-97ef-342e0ff48cf4 - split_data - Writing file at: /Users/andresjaromezuk/Desktop/MLOPS/dagster/recommender_system/dagster_home/storage/X_train using PickledObjectFilesystemIOManager...
[32m2025-02-02 09:53:36 -0300[0m - dagster - [34mDEBUG[0m - __ASSET_JOB - 800a2758-3538-476d-97ef-342e0ff48cf4 - 50566 - split_data - ASSET_MATERIALIZATION - Materialized value X_train.
[32m2025-02-02 09:53:36 -0300[0m - dagster - [34mDEBUG[0m - __ASSET_JOB - 800a2758-3538-476d-97ef-342e0ff48cf4 - 50566 - split_data - HANDLED_OUTPUT - Handled output "X_train" using IO manager "io_manager"
[32m2025-02-02 09:53:36 -0300[0m - dagster - [34mDEBUG[0m - __ASSET_JOB - 800a2758-3538-476d-97ef-342e0ff48cf4 - 50566 - split_data - STEP_OUTPUT - Yielded output "X_test" of type "Any". (Type check passed).
[32m2025-02-02 09:53:36 -0300[0m - dagster - [34mDEBUG[0m - __ASSET_JOB - 800a2758-3538-476d-97ef-342e0ff48cf4 - split_data - Writing file at: /Users/andresjaromezuk/Desktop/MLOPS/dagster/recommender_system/dagster_home/storage/X_test using PickledObjectFilesystemIOManager...
[32m2025-02-02 09:53:36 -0300[0m - dagster - [34mDEBUG[0m - __ASSET_JOB - 800a2758-3538-476d-97ef-342e0ff48cf4 - 50566 - split_data - ASSET_MATERIALIZATION - Materialized value X_test.
[32m2025-02-02 09:53:36 -0300[0m - dagster - [34mDEBUG[0m - __ASSET_JOB - 800a2758-3538-476d-97ef-342e0ff48cf4 - 50566 - split_data - HANDLED_OUTPUT - Handled output "X_test" using IO manager "io_manager"
[32m2025-02-02 09:53:36 -0300[0m - dagster - [34mDEBUG[0m - __ASSET_JOB - 800a2758-3538-476d-97ef-342e0ff48cf4 - 50566 - split_data - STEP_OUTPUT - Yielded output "y_train" of type "Any". (Type check passed).
[32m2025-02-02 09:53:36 -0300[0m - dagster - [34mDEBUG[0m - __ASSET_JOB - 800a2758-3538-476d-97ef-342e0ff48cf4 - split_data - Writing file at: /Users/andresjaromezuk/Desktop/MLOPS/dagster/recommender_system/dagster_home/storage/y_train using PickledObjectFilesystemIOManager...
[32m2025-02-02 09:53:36 -0300[0m - dagster - [34mDEBUG[0m - __ASSET_JOB - 800a2758-3538-476d-97ef-342e0ff48cf4 - 50566 - split_data - ASSET_MATERIALIZATION - Materialized value y_train.
[32m2025-02-02 09:53:36 -0300[0m - dagster - [34mDEBUG[0m - __ASSET_JOB - 800a2758-3538-476d-97ef-342e0ff48cf4 - 50566 - split_data - HANDLED_OUTPUT - Handled output "y_train" using IO manager "io_manager"
[32m2025-02-02 09:53:36 -0300[0m - dagster - [34mDEBUG[0m - __ASSET_JOB - 800a2758-3538-476d-97ef-342e0ff48cf4 - 50566 - split_data - STEP_OUTPUT - Yielded output "y_test" of type "Any". (Type check passed).
[32m2025-02-02 09:53:36 -0300[0m - dagster - [34mDEBUG[0m - __ASSET_JOB - 800a2758-3538-476d-97ef-342e0ff48cf4 - split_data - Writing file at: /Users/andresjaromezuk/Desktop/MLOPS/dagster/recommender_system/dagster_home/storage/y_test using PickledObjectFilesystemIOManager...
[32m2025-02-02 09:53:36 -0300[0m - dagster - [34mDEBUG[0m - __ASSET_JOB - 800a2758-3538-476d-97ef-342e0ff48cf4 - 50566 - split_data - ASSET_MATERIALIZATION - Materialized value y_test.
[32m2025-02-02 09:53:36 -0300[0m - dagster - [34mDEBUG[0m - __ASSET_JOB - 800a2758-3538-476d-97ef-342e0ff48cf4 - 50566 - split_data - HANDLED_OUTPUT - Handled output "y_test" using IO manager "io_manager"
[32m2025-02-02 09:53:36 -0300[0m - dagster - [34mDEBUG[0m - __ASSET_JOB - 800a2758-3538-476d-97ef-342e0ff48cf4 - 50566 - split_data - STEP_SUCCESS - Finished execution of step "split_data" in 185ms.
